[Licensing::Module] Trying to connect to existing licensing client channel...
Built from '6000.2/staging' branch; Version is '6000.2.10f1 (d3d30d158480) revision 13882125'; Using compiler version '194234433'; Build Type 'Release'
OS: 'Windows 11  (10.0.26200) 64bit Core' Language: 'en' Physical Memory: 32692 MB
BatchMode: 1, IsHumanControllingUs: 0, StartBugReporterOnCrash: 0, Is64bit: 1
[Licensing::IpcConnector] Successfully connected to: "LicenseClient-User" at "2026-04-13T15:44:52.1608235Z"
Date: 2026-04-13T15:44:52Z

COMMAND LINE ARGUMENTS:
C:\Program Files\6000.2.10f1\Editor\Unity.exe
-adb2
-batchMode
-noUpm
-name
AssetImportWorker8
-projectPath
E:/ProceduralDungeon
-logFile
Logs/AssetImportWorker8.log
-srvPort
53335
-licensingIpc
LicenseClient-User
-job-worker-count
11
-background-job-worker-count
8
-gc-helper-count
1
-name
AssetImport
Successfully changed project path to: E:/ProceduralDungeon
E:/ProceduralDungeon
[UnityMemory] Configuration Parameters - Can be set up in boot.config
    "memorysetup-allocator-temp-initial-block-size-main=262144"
    "memorysetup-allocator-temp-initial-block-size-worker=262144"
    "memorysetup-bucket-allocator-granularity=16"
    "memorysetup-bucket-allocator-bucket-count=8"
    "memorysetup-bucket-allocator-block-size=33554432"
    "memorysetup-bucket-allocator-block-count=8"
    "memorysetup-main-allocator-block-size=16777216"
    "memorysetup-thread-allocator-block-size=16777216"
    "memorysetup-gfx-main-allocator-block-size=16777216"
    "memorysetup-gfx-thread-allocator-block-size=16777216"
    "memorysetup-cache-allocator-block-size=4194304"
    "memorysetup-typetree-allocator-block-size=2097152"
    "memorysetup-profiler-bucket-allocator-granularity=16"
    "memorysetup-profiler-bucket-allocator-bucket-count=8"
    "memorysetup-profiler-bucket-allocator-block-size=33554432"
    "memorysetup-profiler-bucket-allocator-block-count=8"
    "memorysetup-profiler-allocator-block-size=16777216"
    "memorysetup-profiler-editor-allocator-block-size=1048576"
    "memorysetup-temp-allocator-size-main=16777216"
    "memorysetup-job-temp-allocator-block-size=2097152"
    "memorysetup-job-temp-allocator-block-size-background=1048576"
    "memorysetup-job-temp-allocator-reduction-small-platforms=262144"
    "memorysetup-temp-allocator-size-background-worker=32768"
    "memorysetup-temp-allocator-size-job-worker=262144"
    "memorysetup-temp-allocator-size-preload-manager=33554432"
    "memorysetup-temp-allocator-size-nav-mesh-worker=65536"
    "memorysetup-temp-allocator-size-audio-worker=65536"
    "memorysetup-temp-allocator-size-cloud-worker=32768"
    "memorysetup-temp-allocator-size-gi-baking-worker=262144"
    "memorysetup-temp-allocator-size-gi-baking-worker=262144"
    "memorysetup-temp-allocator-size-gi-baking-worker=262144"
    "memorysetup-temp-allocator-size-gi-baking-worker=262144"
    "memorysetup-temp-allocator-size-gi-baking-worker=262144"
    "memorysetup-temp-allocator-size-gfx=262144"
Player connection [12544]  Target information:

Player connection [12544]  * "[IP] 192.168.1.184 [Port] 0 [Flags] 2 [Guid] 2865902191 [EditorId] 2865902191 [Version] 1048832 [Id] WindowsEditor(7,DESKTOP-MROA2G9) [Debug] 1 [PackageName] WindowsEditor [ProjectName] Editor" 

Player connection [12544] Host joined multi-casting on [225.0.0.222:54997]...
Player connection [12544] Host joined alternative multi-casting on [225.0.0.222:34997]...
JobSystem: Creating JobQueue using job-worker-count value 11
Input System module state changed to: Initialized.
[Physics::Module] Initialized fallback backend.
[Physics::Module] Id: 0xdecafbad
[Licensing::Client] Code 10 while verifying Licensing Client signature (process Id: 11056, path: "C:/Users/User/Desktop/Unity Hub/UnityLicensingClient_V1/Unity.Licensing.Client.exe")
[Licensing::Module] LicensingClient has failed validation; ignoring
[Licensing::Client] Handshaking with LicensingClient:
  Version:                 1.17.4+4293ba1
  Session Id:              886627670d8b4e8183badf3e381d501c
  Correlation Id:          8dc16a7e6dc6b785d390777278f71beb
  External correlation Id: 7819757466071444641
  Machine Id:              N26h/t0TNiQkg8J0E+Djhoi8Vvg=
[Licensing::Module] Successfully connected to LicensingClient on channel: "LicenseClient-User" (connect: 0.00s, validation: 0.00s, handshake: 0.05s)
[Licensing::IpcConnector] Successfully connected to: "LicenseClient-User-notifications" at "2026-04-13T15:44:52.2145926Z"
[Licensing::Module] Licensing Background thread has ended after 0.05s
Library Redirect Path: Library/
[Physics::Module] Selected backend.
[Physics::Module] Name: PhysX
[Physics::Module] Id: 0xf2b8ea05
[Physics::Module] SDK Version: 4.1.2
[Physics::Module] Integration Version: 1.0.0
[Physics::Module] Threading Mode: Multi-Threaded
Refreshing native plugins compatible for Editor in 4.25 ms, found 4 plugins.
Preloading 0 native plugins for Editor in 0.00 ms.
Initialize engine version: 6000.2.10f1 (d3d30d158480)
[Subsystems] Discovering subsystems at path C:/Program Files/6000.2.10f1/Editor/Data/Resources/UnitySubsystems
[Subsystems] Discovering subsystems at path E:/ProceduralDungeon/Assets
GfxDevice: creating device client; kGfxThreadingModeNonThreaded
Direct3D:
    Version:  Direct3D 11.0 [level 11.1]
    Renderer: NVIDIA GeForce RTX 3070 (ID=0x2484)
    Vendor:   NVIDIA
    VRAM:     8018 MB
    Driver:   32.0.15.6636
Initialize mono
Mono path[0] = 'C:/Program Files/6000.2.10f1/Editor/Data/Managed'
Mono path[1] = 'C:/Program Files/6000.2.10f1/Editor/Data/MonoBleedingEdge/lib/mono/unityjit-win32'
Mono config path = 'C:/Program Files/6000.2.10f1/Editor/Data/MonoBleedingEdge/etc'
Using monoOptions --debugger-agent=transport=dt_socket,embedding=1,server=y,suspend=n,address=127.0.0.1:56548
Begin MonoManager ReloadAssembly
Registering precompiled unity dll's ...
Register platform support module: C:/Program Files/6000.2.10f1/Editor/Data/PlaybackEngines/WindowsStandaloneSupport/UnityEditor.WindowsStandalone.Extensions.dll
Registered in 0.002210 seconds.
- Loaded All Assemblies, in  0.459 seconds
Native extension for WindowsStandalone target not found
Mono: successfully reloaded assembly
- Finished resetting the current domain, in  0.393 seconds
Domain Reload Profiling: 848ms
	BeginReloadAssembly (180ms)
		ExecutionOrderSort (0ms)
		DisableScriptedObjects (0ms)
		BackupInstance (0ms)
		ReleaseScriptingObjects (0ms)
		CreateAndSetChildDomain (1ms)
	RebuildCommonClasses (41ms)
	RebuildNativeTypeToScriptingClass (14ms)
	initialDomainReloadingComplete (53ms)
	LoadAllAssembliesAndSetupDomain (167ms)
		LoadAssemblies (172ms)
		RebuildTransferFunctionScriptingTraits (0ms)
		AnalyzeDomain (164ms)
			TypeCache.Refresh (161ms)
				TypeCache.ScanAssembly (147ms)
			BuildScriptInfoCaches (0ms)
			ResolveRequiredComponents (1ms)
	FinalizeReload (394ms)
		ReleaseScriptCaches (0ms)
		RebuildScriptCaches (0ms)
		SetupLoadedEditorAssemblies (348ms)
			LogAssemblyErrors (0ms)
			InitializePlatformSupportModulesInManaged (52ms)
			SetLoadedEditorAssemblies (4ms)
			BeforeProcessingInitializeOnLoad (72ms)
			ProcessInitializeOnLoadAttributes (157ms)
			ProcessInitializeOnLoadMethodAttributes (62ms)
			AfterProcessingInitializeOnLoad (0ms)
			EditorAssembliesLoaded (0ms)
		ExecutionOrderSort2 (0ms)
		AwakeInstancesAfterBackupRestoration (0ms)
========================================================================
Worker process is ready to serve import requests
Import Worker Mode flag is 0x00
Begin MonoManager ReloadAssembly
[Licensing::Client] Successfully resolved entitlement details
[Licensing::Module] License group:
  Id: F4-RHZR-CMD6-PD46-HR52-XXXX
  Product: Unity Personal
  Type: ULF
  Expiration: Unlimited
[Licensing::Module] License group:
  Id: 6872308939192-UnityPersXXXX
  Product: Unity Personal
  Type: Assigned
  Expiration: Unlimited
- Loaded All Assemblies, in  1.007 seconds
Refreshing native plugins compatible for Editor in 1.73 ms, found 4 plugins.
Native extension for WindowsStandalone target not found
Package Manager log level set to [2]
[Package Manager] Failed to launch server process. Reason: Unity was launched with the -noUpm command-line argument
[Package Manager] Unable to send message (not connected to server process).
[Package Manager] Cannot connect to Unity Package Manager local server
Mono: successfully reloaded assembly
- Finished resetting the current domain, in  1.567 seconds
Domain Reload Profiling: 2568ms
	BeginReloadAssembly (197ms)
		ExecutionOrderSort (0ms)
		DisableScriptedObjects (8ms)
		BackupInstance (0ms)
		ReleaseScriptingObjects (0ms)
		CreateAndSetChildDomain (36ms)
	RebuildCommonClasses (36ms)
	RebuildNativeTypeToScriptingClass (11ms)
	initialDomainReloadingComplete (46ms)
	LoadAllAssembliesAndSetupDomain (708ms)
		LoadAssemblies (508ms)
		RebuildTransferFunctionScriptingTraits (0ms)
		AnalyzeDomain (307ms)
			TypeCache.Refresh (234ms)
				TypeCache.ScanAssembly (217ms)
			BuildScriptInfoCaches (57ms)
			ResolveRequiredComponents (12ms)
	FinalizeReload (1568ms)
		ReleaseScriptCaches (0ms)
		RebuildScriptCaches (0ms)
		SetupLoadedEditorAssemblies (1393ms)
			LogAssemblyErrors (0ms)
			InitializePlatformSupportModulesInManaged (3ms)
			SetLoadedEditorAssemblies (7ms)
			BeforeProcessingInitializeOnLoad (201ms)
			ProcessInitializeOnLoadAttributes (1005ms)
			ProcessInitializeOnLoadMethodAttributes (168ms)
			AfterProcessingInitializeOnLoad (9ms)
			EditorAssembliesLoaded (0ms)
		ExecutionOrderSort2 (0ms)
		AwakeInstancesAfterBackupRestoration (8ms)
Launched and connected shader compiler UnityShaderCompiler.exe after 0.02 seconds
Refreshing native plugins compatible for Editor in 2.53 ms, found 4 plugins.
Preloading 0 native plugins for Editor in 0.00 ms.
Unloading 13 Unused Serialized files (Serialized files now loaded: 0)
Unloading 6811 unused Assets / (5.0 MB). Loaded Objects now: 7611.
Memory consumption went from 146.2 MB to 141.2 MB.
Total: 37.083500 ms (FindLiveObjects: 1.426300 ms CreateObjectMapping: 0.780900 ms MarkObjects: 30.877200 ms  DeleteObjects: 3.997300 ms)

========================================================================
Received Import Request.
  Time since last request: 65913.404747 seconds.
  path: Assets/Art/TilePallette/BiomeTiles/Gemini_Generated_Image_62b3pr62b3pr62b3_57.asset
  artifactKey: Guid(9b37278767e3a8d4397ce3ca0fb8e8a7) Importer(815301076,1909f56bfc062723c751e8b465ee728b)
Start importing Assets/Art/TilePallette/BiomeTiles/Gemini_Generated_Image_62b3pr62b3pr62b3_57.asset using Guid(9b37278767e3a8d4397ce3ca0fb8e8a7) Importer(815301076,1909f56bfc062723c751e8b465ee728b) (PreviewImporter) -> (artifact id: '930d98aa676f6a8a1b2c8341cade8149') in 0.1096345 seconds
Number of updated asset objects reloaded before import = 0Number of asset objects unloaded after import = 3

========================================================================
Received Import Request.
  Time since last request: 0.000032 seconds.
  path: Assets/Art/TilePallette/BiomeTiles/Gemini_Generated_Image_62b3pr62b3pr62b3_64.asset
  artifactKey: Guid(f5ab49158dd56e74eba7d3de0de5c6ab) Importer(815301076,1909f56bfc062723c751e8b465ee728b)
Start importing Assets/Art/TilePallette/BiomeTiles/Gemini_Generated_Image_62b3pr62b3pr62b3_64.asset using Guid(f5ab49158dd56e74eba7d3de0de5c6ab) Importer(815301076,1909f56bfc062723c751e8b465ee728b) (PreviewImporter) -> (artifact id: '02f6b05864d823b81e1c70a532009d2a') in 0.0156185 seconds
Number of updated asset objects reloaded before import = 0Number of asset objects unloaded after import = 3

========================================================================
Received Import Request.
  Time since last request: 0.102089 seconds.
  path: Assets/Art/TilePallette/BiomeTiles/Gemini_Generated_Image_62b3pr62b3pr62b3_71.asset
  artifactKey: Guid(ce9d6f3145e805e469163c3882fda215) Importer(815301076,1909f56bfc062723c751e8b465ee728b)
Start importing Assets/Art/TilePallette/BiomeTiles/Gemini_Generated_Image_62b3pr62b3pr62b3_71.asset using Guid(ce9d6f3145e805e469163c3882fda215) Importer(815301076,1909f56bfc062723c751e8b465ee728b) (PreviewImporter) -> (artifact id: '548dac42f788c0de709e49ece73d7564') in 0.0401653 seconds
Number of updated asset objects reloaded before import = 0Number of asset objects unloaded after import = 3

========================================================================
Received Import Request.
  Time since last request: 0.000024 seconds.
  path: Assets/Art/TilePallette/BiomeTiles/Gemini_Generated_Image_62b3pr62b3pr62b3_79.asset
  artifactKey: Guid(8826cafa5a779d2479ebb0732b4d34ee) Importer(815301076,1909f56bfc062723c751e8b465ee728b)
Start importing Assets/Art/TilePallette/BiomeTiles/Gemini_Generated_Image_62b3pr62b3pr62b3_79.asset using Guid(8826cafa5a779d2479ebb0732b4d34ee) Importer(815301076,1909f56bfc062723c751e8b465ee728b) (PreviewImporter) -> (artifact id: 'd034428396319335ebf66a71857a451d') in 0.0260859 seconds
Number of updated asset objects reloaded before import = 0Number of asset objects unloaded after import = 3

========================================================================
Received Import Request.
  Time since last request: 0.000020 seconds.
  path: Assets/Art/TilePallette/BiomeTiles/Gemini_Generated_Image_62b3pr62b3pr62b3_91.asset
  artifactKey: Guid(a6293a7832a4152468580894e3844ada) Importer(815301076,1909f56bfc062723c751e8b465ee728b)
Start importing Assets/Art/TilePallette/BiomeTiles/Gemini_Generated_Image_62b3pr62b3pr62b3_91.asset using Guid(a6293a7832a4152468580894e3844ada) Importer(815301076,1909f56bfc062723c751e8b465ee728b) (PreviewImporter) -> (artifact id: 'b962d4f53cb07a8331cb2d6e76c6d8cb') in 0.0288979 seconds
Number of updated asset objects reloaded before import = 0Number of asset objects unloaded after import = 3

========================================================================
Received Import Request.
  Time since last request: 0.000043 seconds.
  path: Assets/Art/TilePallette/BiomeTiles/Gemini_Generated_Image_62b3pr62b3pr62b3_95.asset
  artifactKey: Guid(ad1cacaa9eec46d43a9c0d3a66827311) Importer(815301076,1909f56bfc062723c751e8b465ee728b)
Start importing Assets/Art/TilePallette/BiomeTiles/Gemini_Generated_Image_62b3pr62b3pr62b3_95.asset using Guid(ad1cacaa9eec46d43a9c0d3a66827311) Importer(815301076,1909f56bfc062723c751e8b465ee728b) (PreviewImporter) -> (artifact id: 'f43cd6419555ca4385a09c94b8122141') in 0.030186 seconds
Number of updated asset objects reloaded before import = 0Number of asset objects unloaded after import = 3

========================================================================
Received Import Request.
  Time since last request: 0.000023 seconds.
  path: Assets/Art/TilePallette/BiomeTiles/Gemini_Generated_Image_62b3pr62b3pr62b3_94.asset
  artifactKey: Guid(20bea3bdb24a35c4cb7596b4b7e6e031) Importer(815301076,1909f56bfc062723c751e8b465ee728b)
Start importing Assets/Art/TilePallette/BiomeTiles/Gemini_Generated_Image_62b3pr62b3pr62b3_94.asset using Guid(20bea3bdb24a35c4cb7596b4b7e6e031) Importer(815301076,1909f56bfc062723c751e8b465ee728b) (PreviewImporter) -> (artifact id: '512bc06cce775afa0af2d160d8c2d103') in 0.0240124 seconds
Number of updated asset objects reloaded before import = 0Number of asset objects unloaded after import = 3

========================================================================
Received Import Request.
  Time since last request: 1.292617 seconds.
  path: Assets/Art/TilePallette/BiomeTiles/Gemini_Generated_Image_62b3pr62b3pr62b3_99.asset
  artifactKey: Guid(fb9f61dd8f64f0b4baa96846228c17ad) Importer(815301076,1909f56bfc062723c751e8b465ee728b)
Start importing Assets/Art/TilePallette/BiomeTiles/Gemini_Generated_Image_62b3pr62b3pr62b3_99.asset using Guid(fb9f61dd8f64f0b4baa96846228c17ad) Importer(815301076,1909f56bfc062723c751e8b465ee728b) (PreviewImporter) -> (artifact id: 'fd1b6d01f4ca600d3586a0e8d5f3e7cc') in 0.0410588 seconds
Number of updated asset objects reloaded before import = 0Number of asset objects unloaded after import = 3

========================================================================
Received Import Request.
  Time since last request: 0.000018 seconds.
  path: Assets/Art/TilePallette/BiomeTiles/Gemini_Generated_Image_62b3pr62b3pr62b3_109.asset
  artifactKey: Guid(ecab7cdb456465b4480e1cff600c6f49) Importer(815301076,1909f56bfc062723c751e8b465ee728b)
Start importing Assets/Art/TilePallette/BiomeTiles/Gemini_Generated_Image_62b3pr62b3pr62b3_109.asset using Guid(ecab7cdb456465b4480e1cff600c6f49) Importer(815301076,1909f56bfc062723c751e8b465ee728b) (PreviewImporter) -> (artifact id: 'd4a9ec748f91e11b9f80321c82a96371') in 0.0297378 seconds
Number of updated asset objects reloaded before import = 0Number of asset objects unloaded after import = 3

========================================================================
Received Import Request.
  Time since last request: 0.000024 seconds.
  path: Assets/Art/TilePallette/BiomeTiles/Gemini_Generated_Image_62b3pr62b3pr62b3_124.asset
  artifactKey: Guid(89e7467993de5d144bf358abdd91b167) Importer(815301076,1909f56bfc062723c751e8b465ee728b)
Start importing Assets/Art/TilePallette/BiomeTiles/Gemini_Generated_Image_62b3pr62b3pr62b3_124.asset using Guid(89e7467993de5d144bf358abdd91b167) Importer(815301076,1909f56bfc062723c751e8b465ee728b) (PreviewImporter) -> (artifact id: 'a3641995a2aabaea73ff37707e2cf3fa') in 0.0220489 seconds
Number of updated asset objects reloaded before import = 0Number of asset objects unloaded after import = 3

========================================================================
Received Import Request.
  Time since last request: 0.000023 seconds.
  path: Assets/Art/TilePallette/BiomeTiles/Gemini_Generated_Image_62b3pr62b3pr62b3_118.asset
  artifactKey: Guid(39ffd4917faa2ce438378f3986bba4b9) Importer(815301076,1909f56bfc062723c751e8b465ee728b)
Start importing Assets/Art/TilePallette/BiomeTiles/Gemini_Generated_Image_62b3pr62b3pr62b3_118.asset using Guid(39ffd4917faa2ce438378f3986bba4b9) Importer(815301076,1909f56bfc062723c751e8b465ee728b) (PreviewImporter) -> (artifact id: '039b58e03497753782bc218a7a969f63') in 0.0269289 seconds
Number of updated asset objects reloaded before import = 0Number of asset objects unloaded after import = 3

========================================================================
Received Import Request.
  Time since last request: 0.000029 seconds.
  path: Assets/Art/TilePallette/BiomeTiles/Gemini_Generated_Image_62b3pr62b3pr62b3_121.asset
  artifactKey: Guid(a7d4d4b98b86245499b7f63672668b3a) Importer(815301076,1909f56bfc062723c751e8b465ee728b)
Start importing Assets/Art/TilePallette/BiomeTiles/Gemini_Generated_Image_62b3pr62b3pr62b3_121.asset using Guid(a7d4d4b98b86245499b7f63672668b3a) Importer(815301076,1909f56bfc062723c751e8b465ee728b) (PreviewImporter) -> (artifact id: '4a387382495c67d66c11972cd0249158') in 0.0142695 seconds
Number of updated asset objects reloaded before import = 0Number of asset objects unloaded after import = 3

========================================================================
Received Import Request.
  Time since last request: 1.224495 seconds.
  path: Assets/Art/TilePallette/BiomeTiles/Gemini_Generated_Image_62b3pr62b3pr62b3_127.asset
  artifactKey: Guid(42f39c4fd7cd9d24cb63dfcdf9f890a0) Importer(815301076,1909f56bfc062723c751e8b465ee728b)
Start importing Assets/Art/TilePallette/BiomeTiles/Gemini_Generated_Image_62b3pr62b3pr62b3_127.asset using Guid(42f39c4fd7cd9d24cb63dfcdf9f890a0) Importer(815301076,1909f56bfc062723c751e8b465ee728b) (PreviewImporter) -> (artifact id: '8e3e589c2efc8ae374546750446ee48c') in 0.0292929 seconds
Number of updated asset objects reloaded before import = 0Number of asset objects unloaded after import = 3

========================================================================
Received Import Request.
  Time since last request: 0.000019 seconds.
  path: Assets/Art/TilePallette/BiomeTiles/Gemini_Generated_Image_62b3pr62b3pr62b3_134.asset
  artifactKey: Guid(eab97da8c462ab64e89c379650ca6de1) Importer(815301076,1909f56bfc062723c751e8b465ee728b)
Start importing Assets/Art/TilePallette/BiomeTiles/Gemini_Generated_Image_62b3pr62b3pr62b3_134.asset using Guid(eab97da8c462ab64e89c379650ca6de1) Importer(815301076,1909f56bfc062723c751e8b465ee728b) (PreviewImporter) -> (artifact id: '604e3a98261b30e1d19cfa171a955bdb') in 0.0203969 seconds
Number of updated asset objects reloaded before import = 0Number of asset objects unloaded after import = 3

========================================================================
Received Import Request.
  Time since last request: 0.000027 seconds.
  path: Assets/Art/TilePallette/BiomeTiles/Gemini_Generated_Image_62b3pr62b3pr62b3_144.asset
  artifactKey: Guid(8375895c01f61ad4583efb2e073db577) Importer(815301076,1909f56bfc062723c751e8b465ee728b)
Start importing Assets/Art/TilePallette/BiomeTiles/Gemini_Generated_Image_62b3pr62b3pr62b3_144.asset using Guid(8375895c01f61ad4583efb2e073db577) Importer(815301076,1909f56bfc062723c751e8b465ee728b) (PreviewImporter) -> (artifact id: '4bbd2a041ab6508a2124fc5677d53f5f') in 0.0145058 seconds
Number of updated asset objects reloaded before import = 0Number of asset objects unloaded after import = 3

========================================================================
Received Import Request.
  Time since last request: 0.000028 seconds.
  path: Assets/Art/TilePallette/BiomeTiles/Gemini_Generated_Image_62b3pr62b3pr62b3_155.asset
  artifactKey: Guid(fdd58cab330145c459272dff5c47c247) Importer(815301076,1909f56bfc062723c751e8b465ee728b)
Start importing Assets/Art/TilePallette/BiomeTiles/Gemini_Generated_Image_62b3pr62b3pr62b3_155.asset using Guid(fdd58cab330145c459272dff5c47c247) Importer(815301076,1909f56bfc062723c751e8b465ee728b) (PreviewImporter) -> (artifact id: 'ba51a45b847f574a1849d194cbf94ef2') in 0.0242802 seconds
Number of updated asset objects reloaded before import = 0Number of asset objects unloaded after import = 3

========================================================================
Received Import Request.
  Time since last request: 0.000030 seconds.
  path: Assets/Art/TilePallette/BiomeTiles/Gemini_Generated_Image_62b3pr62b3pr62b3_149.asset
  artifactKey: Guid(5b449b13aac53d04bbdb78859febebdc) Importer(815301076,1909f56bfc062723c751e8b465ee728b)
Start importing Assets/Art/TilePallette/BiomeTiles/Gemini_Generated_Image_62b3pr62b3pr62b3_149.asset using Guid(5b449b13aac53d04bbdb78859febebdc) Importer(815301076,1909f56bfc062723c751e8b465ee728b) (PreviewImporter) -> (artifact id: '06ce937be97624eb9f8f2463a551daa0') in 0.0174796 seconds
Number of updated asset objects reloaded before import = 0Number of asset objects unloaded after import = 3

========================================================================
Received Import Request.
  Time since last request: 0.000027 seconds.
  path: Assets/Art/TilePallette/BiomeTiles/Gemini_Generated_Image_62b3pr62b3pr62b3_156.asset
  artifactKey: Guid(cdc7887769d7c084e97ba86c2c3c33fe) Importer(815301076,1909f56bfc062723c751e8b465ee728b)
Start importing Assets/Art/TilePallette/BiomeTiles/Gemini_Generated_Image_62b3pr62b3pr62b3_156.asset using Guid(cdc7887769d7c084e97ba86c2c3c33fe) Importer(815301076,1909f56bfc062723c751e8b465ee728b) (PreviewImporter) -> (artifact id: '577fa919c10f24dee3181c5e81d14cff') in 0.0166079 seconds
Number of updated asset objects reloaded before import = 0Number of asset objects unloaded after import = 3

========================================================================
Received Import Request.
  Time since last request: 0.000022 seconds.
  path: Assets/Art/TilePallette/BiomeTiles/Gemini_Generated_Image_62b3pr62b3pr62b3_139.asset
  artifactKey: Guid(4b7cb7f5889965c48bf16be99c29e605) Importer(815301076,1909f56bfc062723c751e8b465ee728b)
Start importing Assets/Art/TilePallette/BiomeTiles/Gemini_Generated_Image_62b3pr62b3pr62b3_139.asset using Guid(4b7cb7f5889965c48bf16be99c29e605) Importer(815301076,1909f56bfc062723c751e8b465ee728b) (PreviewImporter) -> (artifact id: '0aeafcae281dc5872ebcc13ac505e890') in 0.0162775 seconds
Number of updated asset objects reloaded before import = 0Number of asset objects unloaded after import = 3

Editor requested this worker to shutdown with reason: Scaling down because of idle timeout
AssetImportWorker is now disconnected from the server
Process exiting
Exiting without the bug reporter. Application will terminate with return code 0