[Licensing::Module] Trying to connect to existing licensing client channel...
Built from '6000.2/staging' branch; Version is '6000.2.10f1 (d3d30d158480) revision 13882125'; Using compiler version '194234433'; Build Type 'Release'
[Licensing::IpcConnector] Successfully connected to: "LicenseClient-User" at "2026-04-13T13:31:26.8258743Z"
OS: 'Windows 11  (10.0.26200) 64bit Core' Language: 'en' Physical Memory: 32692 MB
BatchMode: 1, IsHumanControllingUs: 0, StartBugReporterOnCrash: 0, Is64bit: 1
Date: 2026-04-13T13:31:26Z

COMMAND LINE ARGUMENTS:
C:\Program Files\6000.2.10f1\Editor\Unity.exe
-adb2
-batchMode
-noUpm
-name
AssetImportWorker13
-projectPath
E:/ProceduralDungeon
-logFile
Logs/AssetImportWorker13.log
-srvPort
49187
-licensingIpc
LicenseClient-User
-job-worker-count
11
-background-job-worker-count
8
-gc-helper-count
1
-name
AssetImport
Successfully changed project path to: E:/ProceduralDungeon
E:/ProceduralDungeon
[UnityMemory] Configuration Parameters - Can be set up in boot.config
    "memorysetup-allocator-temp-initial-block-size-main=262144"
    "memorysetup-allocator-temp-initial-block-size-worker=262144"
    "memorysetup-bucket-allocator-granularity=16"
    "memorysetup-bucket-allocator-bucket-count=8"
    "memorysetup-bucket-allocator-block-size=33554432"
    "memorysetup-bucket-allocator-block-count=8"
    "memorysetup-main-allocator-block-size=16777216"
    "memorysetup-thread-allocator-block-size=16777216"
    "memorysetup-gfx-main-allocator-block-size=16777216"
    "memorysetup-gfx-thread-allocator-block-size=16777216"
    "memorysetup-cache-allocator-block-size=4194304"
    "memorysetup-typetree-allocator-block-size=2097152"
    "memorysetup-profiler-bucket-allocator-granularity=16"
    "memorysetup-profiler-bucket-allocator-bucket-count=8"
    "memorysetup-profiler-bucket-allocator-block-size=33554432"
    "memorysetup-profiler-bucket-allocator-block-count=8"
    "memorysetup-profiler-allocator-block-size=16777216"
    "memorysetup-profiler-editor-allocator-block-size=1048576"
    "memorysetup-temp-allocator-size-main=16777216"
    "memorysetup-job-temp-allocator-block-size=2097152"
    "memorysetup-job-temp-allocator-block-size-background=1048576"
    "memorysetup-job-temp-allocator-reduction-small-platforms=262144"
    "memorysetup-temp-allocator-size-background-worker=32768"
    "memorysetup-temp-allocator-size-job-worker=262144"
    "memorysetup-temp-allocator-size-preload-manager=33554432"
    "memorysetup-temp-allocator-size-nav-mesh-worker=65536"
    "memorysetup-temp-allocator-size-audio-worker=65536"
    "memorysetup-temp-allocator-size-cloud-worker=32768"
    "memorysetup-temp-allocator-size-gi-baking-worker=262144"
    "memorysetup-temp-allocator-size-gi-baking-worker=262144"
    "memorysetup-temp-allocator-size-gi-baking-worker=262144"
    "memorysetup-temp-allocator-size-gi-baking-worker=262144"
    "memorysetup-temp-allocator-size-gi-baking-worker=262144"
    "memorysetup-temp-allocator-size-gfx=262144"
Player connection [42252]  Target information:

Player connection [42252]  * "[IP] 192.168.1.184 [Port] 0 [Flags] 2 [Guid] 3541228276 [EditorId] 3541228276 [Version] 1048832 [Id] WindowsEditor(7,DESKTOP-MROA2G9) [Debug] 1 [PackageName] WindowsEditor [ProjectName] Editor" 

Player connection [42252] Host joined multi-casting on [225.0.0.222:54997]...
Player connection [42252] Host joined alternative multi-casting on [225.0.0.222:34997]...
JobSystem: Creating JobQueue using job-worker-count value 11
Input System module state changed to: Initialized.
[Physics::Module] Initialized fallback backend.
[Physics::Module] Id: 0xdecafbad
[Licensing::Client] Code 10 while verifying Licensing Client signature (process Id: 11056, path: "C:/Users/User/Desktop/Unity Hub/UnityLicensingClient_V1/Unity.Licensing.Client.exe")
[Licensing::Module] LicensingClient has failed validation; ignoring
[Licensing::Client] Handshaking with LicensingClient:
  Version:                 1.17.4+4293ba1
  Session Id:              19f306bf53bb43f0995e5b3e61289586
  Correlation Id:          8dc16a7e6dc6b785d390777278f71beb
  External correlation Id: 8168241607450244561
  Machine Id:              N26h/t0TNiQkg8J0E+Djhoi8Vvg=
[Licensing::Module] Successfully connected to LicensingClient on channel: "LicenseClient-User" (connect: 0.00s, validation: 0.00s, handshake: 0.05s)
[Licensing::IpcConnector] Successfully connected to: "LicenseClient-User-notifications" at "2026-04-13T13:31:26.8826205Z"
[Licensing::Module] Licensing Background thread has ended after 0.06s
Library Redirect Path: Library/
[Physics::Module] Selected backend.
[Physics::Module] Name: PhysX
[Physics::Module] Id: 0xf2b8ea05
[Physics::Module] SDK Version: 4.1.2
[Physics::Module] Integration Version: 1.0.0
[Physics::Module] Threading Mode: Multi-Threaded
Refreshing native plugins compatible for Editor in 4.18 ms, found 4 plugins.
Preloading 0 native plugins for Editor in 0.00 ms.
Initialize engine version: 6000.2.10f1 (d3d30d158480)
[Subsystems] Discovering subsystems at path C:/Program Files/6000.2.10f1/Editor/Data/Resources/UnitySubsystems
[Subsystems] Discovering subsystems at path E:/ProceduralDungeon/Assets
GfxDevice: creating device client; kGfxThreadingModeNonThreaded
Direct3D:
    Version:  Direct3D 11.0 [level 11.1]
    Renderer: NVIDIA GeForce RTX 3070 (ID=0x2484)
    Vendor:   NVIDIA
    VRAM:     8018 MB
    Driver:   32.0.15.6636
Initialize mono
Mono path[0] = 'C:/Program Files/6000.2.10f1/Editor/Data/Managed'
Mono path[1] = 'C:/Program Files/6000.2.10f1/Editor/Data/MonoBleedingEdge/lib/mono/unityjit-win32'
Mono config path = 'C:/Program Files/6000.2.10f1/Editor/Data/MonoBleedingEdge/etc'
Using monoOptions --debugger-agent=transport=dt_socket,embedding=1,server=y,suspend=n,address=127.0.0.1:56672
Begin MonoManager ReloadAssembly
Registering precompiled unity dll's ...
Register platform support module: C:/Program Files/6000.2.10f1/Editor/Data/PlaybackEngines/WindowsStandaloneSupport/UnityEditor.WindowsStandalone.Extensions.dll
Registered in 0.002648 seconds.
- Loaded All Assemblies, in  0.402 seconds
Native extension for WindowsStandalone target not found
Mono: successfully reloaded assembly
- Finished resetting the current domain, in  0.336 seconds
Domain Reload Profiling: 733ms
	BeginReloadAssembly (137ms)
		ExecutionOrderSort (0ms)
		DisableScriptedObjects (0ms)
		BackupInstance (0ms)
		ReleaseScriptingObjects (0ms)
		CreateAndSetChildDomain (1ms)
	RebuildCommonClasses (38ms)
	RebuildNativeTypeToScriptingClass (13ms)
	initialDomainReloadingComplete (52ms)
	LoadAllAssembliesAndSetupDomain (158ms)
		LoadAssemblies (132ms)
		RebuildTransferFunctionScriptingTraits (0ms)
		AnalyzeDomain (155ms)
			TypeCache.Refresh (153ms)
				TypeCache.ScanAssembly (140ms)
			BuildScriptInfoCaches (0ms)
			ResolveRequiredComponents (0ms)
	FinalizeReload (336ms)
		ReleaseScriptCaches (0ms)
		RebuildScriptCaches (0ms)
		SetupLoadedEditorAssemblies (291ms)
			LogAssemblyErrors (0ms)
			InitializePlatformSupportModulesInManaged (50ms)
			SetLoadedEditorAssemblies (3ms)
			BeforeProcessingInitializeOnLoad (62ms)
			ProcessInitializeOnLoadAttributes (125ms)
			ProcessInitializeOnLoadMethodAttributes (51ms)
			AfterProcessingInitializeOnLoad (0ms)
			EditorAssembliesLoaded (0ms)
		ExecutionOrderSort2 (0ms)
		AwakeInstancesAfterBackupRestoration (0ms)
========================================================================
Worker process is ready to serve import requests
Import Worker Mode flag is 0x00
Begin MonoManager ReloadAssembly
[Licensing::Client] Successfully resolved entitlement details
[Licensing::Module] License group:
  Id: F4-RHZR-CMD6-PD46-HR52-XXXX
  Product: Unity Personal
  Type: ULF
  Expiration: Unlimited
[Licensing::Module] License group:
  Id: 6872308939192-UnityPersXXXX
  Product: Unity Personal
  Type: Assigned
  Expiration: Unlimited
- Loaded All Assemblies, in  0.907 seconds
Refreshing native plugins compatible for Editor in 2.08 ms, found 4 plugins.
Native extension for WindowsStandalone target not found
Package Manager log level set to [2]
[Package Manager] Failed to launch server process. Reason: Unity was launched with the -noUpm command-line argument
[Package Manager] Unable to send message (not connected to server process).
[Package Manager] Cannot connect to Unity Package Manager local server
Mono: successfully reloaded assembly
- Finished resetting the current domain, in  1.305 seconds
Domain Reload Profiling: 2206ms
	BeginReloadAssembly (186ms)
		ExecutionOrderSort (0ms)
		DisableScriptedObjects (9ms)
		BackupInstance (0ms)
		ReleaseScriptingObjects (0ms)
		CreateAndSetChildDomain (34ms)
	RebuildCommonClasses (36ms)
	RebuildNativeTypeToScriptingClass (12ms)
	initialDomainReloadingComplete (45ms)
	LoadAllAssembliesAndSetupDomain (621ms)
		LoadAssemblies (414ms)
		RebuildTransferFunctionScriptingTraits (0ms)
		AnalyzeDomain (306ms)
			TypeCache.Refresh (233ms)
				TypeCache.ScanAssembly (215ms)
			BuildScriptInfoCaches (56ms)
			ResolveRequiredComponents (11ms)
	FinalizeReload (1306ms)
		ReleaseScriptCaches (0ms)
		RebuildScriptCaches (0ms)
		SetupLoadedEditorAssemblies (1156ms)
			LogAssemblyErrors (0ms)
			InitializePlatformSupportModulesInManaged (2ms)
			SetLoadedEditorAssemblies (6ms)
			BeforeProcessingInitializeOnLoad (154ms)
			ProcessInitializeOnLoadAttributes (844ms)
			ProcessInitializeOnLoadMethodAttributes (142ms)
			AfterProcessingInitializeOnLoad (8ms)
			EditorAssembliesLoaded (0ms)
		ExecutionOrderSort2 (0ms)
		AwakeInstancesAfterBackupRestoration (6ms)
Launched and connected shader compiler UnityShaderCompiler.exe after 0.01 seconds
Refreshing native plugins compatible for Editor in 3.02 ms, found 4 plugins.
Preloading 0 native plugins for Editor in 0.00 ms.
Unloading 13 Unused Serialized files (Serialized files now loaded: 0)
Unloading 6811 unused Assets / (4.7 MB). Loaded Objects now: 7611.
Memory consumption went from 144.4 MB to 139.7 MB.
Total: 32.311500 ms (FindLiveObjects: 1.518200 ms CreateObjectMapping: 1.667700 ms MarkObjects: 26.356900 ms  DeleteObjects: 2.766800 ms)

========================================================================
Received Import Request.
  Time since last request: 58571.676490 seconds.
  path: Assets/Art/TilePallette/FloorTiles/TileSheet_1.asset
  artifactKey: Guid(4ac41669c46b0164dbc0d2face01192e) Importer(815301076,1909f56bfc062723c751e8b465ee728b)
Start importing Assets/Art/TilePallette/FloorTiles/TileSheet_1.asset using Guid(4ac41669c46b0164dbc0d2face01192e) Importer(815301076,1909f56bfc062723c751e8b465ee728b) (PreviewImporter) -> (artifact id: 'd093cf36428d3555a35dbe7ca4d974b2') in 0.0963463 seconds
Number of updated asset objects reloaded before import = 0Number of asset objects unloaded after import = 3

========================================================================
Received Import Request.
  Time since last request: 0.000029 seconds.
  path: Assets/Art/TilePallette/FloorTiles/TileSheet_27.asset
  artifactKey: Guid(6802c29d0747ff24cbdbb61ce47b69e9) Importer(815301076,1909f56bfc062723c751e8b465ee728b)
Start importing Assets/Art/TilePallette/FloorTiles/TileSheet_27.asset using Guid(6802c29d0747ff24cbdbb61ce47b69e9) Importer(815301076,1909f56bfc062723c751e8b465ee728b) (PreviewImporter) -> (artifact id: '207a4e8102f041c0d446d4834071b3b2') in 0.0183883 seconds
Number of updated asset objects reloaded before import = 0Number of asset objects unloaded after import = 3

========================================================================
Received Import Request.
  Time since last request: 0.000033 seconds.
  path: Assets/Art/TilePallette/FloorTiles/TileSheet_43.asset
  artifactKey: Guid(66843a4e05f683a46a391e9b9a7f7d3e) Importer(815301076,1909f56bfc062723c751e8b465ee728b)
Start importing Assets/Art/TilePallette/FloorTiles/TileSheet_43.asset using Guid(66843a4e05f683a46a391e9b9a7f7d3e) Importer(815301076,1909f56bfc062723c751e8b465ee728b) (PreviewImporter) -> (artifact id: '30f1dc75276a21d7966e3a02278057c3') in 0.0084565 seconds
Number of updated asset objects reloaded before import = 0Number of asset objects unloaded after import = 3

========================================================================
Received Import Request.
  Time since last request: 0.000025 seconds.
  path: Assets/Art/TilePallette/FloorTiles/TileSheet_46.asset
  artifactKey: Guid(1792baec1e2ccac4483519542eeee176) Importer(815301076,1909f56bfc062723c751e8b465ee728b)
Start importing Assets/Art/TilePallette/FloorTiles/TileSheet_46.asset using Guid(1792baec1e2ccac4483519542eeee176) Importer(815301076,1909f56bfc062723c751e8b465ee728b) (PreviewImporter) -> (artifact id: '98e351bdac12980d2b41b502784728a9') in 0.0068753 seconds
Number of updated asset objects reloaded before import = 0Number of asset objects unloaded after import = 3

========================================================================
Received Import Request.
  Time since last request: 0.000018 seconds.
  path: Assets/Art/TilePallette/FloorTiles/TileSheet_3.asset
  artifactKey: Guid(cd1f4aa6365e5664ab720419f2cb706e) Importer(815301076,1909f56bfc062723c751e8b465ee728b)
Start importing Assets/Art/TilePallette/FloorTiles/TileSheet_3.asset using Guid(cd1f4aa6365e5664ab720419f2cb706e) Importer(815301076,1909f56bfc062723c751e8b465ee728b) (PreviewImporter) -> (artifact id: 'caaa70e9a2ed6e0ec72b8e8ecd7757f0') in 0.0155316 seconds
Number of updated asset objects reloaded before import = 0Number of asset objects unloaded after import = 3

========================================================================
Received Import Request.
  Time since last request: 0.000019 seconds.
  path: Assets/Art/TilePallette/FloorTiles/TileSheet_48.asset
  artifactKey: Guid(b119ef690c31d114ba0565028304e55d) Importer(815301076,1909f56bfc062723c751e8b465ee728b)
Start importing Assets/Art/TilePallette/FloorTiles/TileSheet_48.asset using Guid(b119ef690c31d114ba0565028304e55d) Importer(815301076,1909f56bfc062723c751e8b465ee728b) (PreviewImporter) -> (artifact id: '8cb27a548d698622f50678232b018617') in 0.0133601 seconds
Number of updated asset objects reloaded before import = 0Number of asset objects unloaded after import = 3

========================================================================
Received Import Request.
  Time since last request: 0.000021 seconds.
  path: Assets/Art/TilePallette/FloorTiles/TileSheet_24.asset
  artifactKey: Guid(234e8e0a99aef1e4484e008d97972b1f) Importer(815301076,1909f56bfc062723c751e8b465ee728b)
Start importing Assets/Art/TilePallette/FloorTiles/TileSheet_24.asset using Guid(234e8e0a99aef1e4484e008d97972b1f) Importer(815301076,1909f56bfc062723c751e8b465ee728b) (PreviewImporter) -> (artifact id: '95c744e2cc6ebe7d289138fc558dce1e') in 0.0135927 seconds
Number of updated asset objects reloaded before import = 0Number of asset objects unloaded after import = 3

========================================================================
Received Import Request.
  Time since last request: 0.000032 seconds.
  path: Assets/Art/TilePallette/FloorTiles/TileSheet_36.asset
  artifactKey: Guid(2abe73569e31afc4ebb17dc739a73780) Importer(815301076,1909f56bfc062723c751e8b465ee728b)
Start importing Assets/Art/TilePallette/FloorTiles/TileSheet_36.asset using Guid(2abe73569e31afc4ebb17dc739a73780) Importer(815301076,1909f56bfc062723c751e8b465ee728b) (PreviewImporter) -> (artifact id: '492752169aef5485406b3f73f5c55b33') in 0.017224 seconds
Number of updated asset objects reloaded before import = 0Number of asset objects unloaded after import = 3

========================================================================
Received Import Request.
  Time since last request: 0.000018 seconds.
  path: Assets/Art/TilePallette/FloorTiles/TileSheet_55.asset
  artifactKey: Guid(9203c48acf6235444bb01d70c67b3070) Importer(815301076,1909f56bfc062723c751e8b465ee728b)
Start importing Assets/Art/TilePallette/FloorTiles/TileSheet_55.asset using Guid(9203c48acf6235444bb01d70c67b3070) Importer(815301076,1909f56bfc062723c751e8b465ee728b) (PreviewImporter) -> (artifact id: 'eb3638064b6aaafb55f7dccb77703494') in 0.007416 seconds
Number of updated asset objects reloaded before import = 0Number of asset objects unloaded after import = 3

========================================================================
Received Import Request.
  Time since last request: 0.000020 seconds.
  path: Assets/Art/TilePallette/FloorTiles/TileSheet_39.asset
  artifactKey: Guid(bfaa3a6aa71c25043811d5510c71548d) Importer(815301076,1909f56bfc062723c751e8b465ee728b)
Start importing Assets/Art/TilePallette/FloorTiles/TileSheet_39.asset using Guid(bfaa3a6aa71c25043811d5510c71548d) Importer(815301076,1909f56bfc062723c751e8b465ee728b) (PreviewImporter) -> (artifact id: '4bf0bb3ca85a4588357b335a3b07a995') in 0.0078884 seconds
Number of updated asset objects reloaded before import = 0Number of asset objects unloaded after import = 3

========================================================================
Received Import Request.
  Time since last request: 0.000023 seconds.
  path: Assets/Art/TilePallette/FloorTiles/TileSheet_29.asset
  artifactKey: Guid(b9f1977743dc69b42a228515d40fb6ab) Importer(815301076,1909f56bfc062723c751e8b465ee728b)
Start importing Assets/Art/TilePallette/FloorTiles/TileSheet_29.asset using Guid(b9f1977743dc69b42a228515d40fb6ab) Importer(815301076,1909f56bfc062723c751e8b465ee728b) (PreviewImporter) -> (artifact id: '5e38074ab0fd72f6df987c82a41b709a') in 0.0079038 seconds
Number of updated asset objects reloaded before import = 0Number of asset objects unloaded after import = 3

========================================================================
Received Import Request.
  Time since last request: 0.000026 seconds.
  path: Assets/Art/TilePallette/FloorTiles/TileSheet_52.asset
  artifactKey: Guid(6dd4c9c21ad490f4ea59a6b8e459faf0) Importer(815301076,1909f56bfc062723c751e8b465ee728b)
Start importing Assets/Art/TilePallette/FloorTiles/TileSheet_52.asset using Guid(6dd4c9c21ad490f4ea59a6b8e459faf0) Importer(815301076,1909f56bfc062723c751e8b465ee728b) (PreviewImporter) -> (artifact id: '7ff1651d821988fa59829831a891312a') in 0.0083903 seconds
Number of updated asset objects reloaded before import = 0Number of asset objects unloaded after import = 3

========================================================================
Received Import Request.
  Time since last request: 0.000032 seconds.
  path: Assets/Art/TilePallette/FloorTiles/TileSheet_11.asset
  artifactKey: Guid(583ed6decadff1845872961345a6d46f) Importer(815301076,1909f56bfc062723c751e8b465ee728b)
Start importing Assets/Art/TilePallette/FloorTiles/TileSheet_11.asset using Guid(583ed6decadff1845872961345a6d46f) Importer(815301076,1909f56bfc062723c751e8b465ee728b) (PreviewImporter) -> (artifact id: '610a8a069785d0d58a62a79911964117') in 0.0126685 seconds
Number of updated asset objects reloaded before import = 0Number of asset objects unloaded after import = 3

========================================================================
Received Import Request.
  Time since last request: 0.000021 seconds.
  path: Assets/Art/TilePallette/FloorTiles/TileSheet_23.asset
  artifactKey: Guid(97f6b6cec8d19db46a4809e7b1f8f51e) Importer(815301076,1909f56bfc062723c751e8b465ee728b)
Start importing Assets/Art/TilePallette/FloorTiles/TileSheet_23.asset using Guid(97f6b6cec8d19db46a4809e7b1f8f51e) Importer(815301076,1909f56bfc062723c751e8b465ee728b) (PreviewImporter) -> (artifact id: 'a80aa3f22f354ce675a86965a503b732') in 0.0087141 seconds
Number of updated asset objects reloaded before import = 0Number of asset objects unloaded after import = 3

========================================================================
Received Import Request.
  Time since last request: 0.000024 seconds.
  path: Assets/Art/TilePallette/FloorTiles/TileSheet_42.asset
  artifactKey: Guid(520d7c9724952b94a8bd0a9605c237ba) Importer(815301076,1909f56bfc062723c751e8b465ee728b)
Start importing Assets/Art/TilePallette/FloorTiles/TileSheet_42.asset using Guid(520d7c9724952b94a8bd0a9605c237ba) Importer(815301076,1909f56bfc062723c751e8b465ee728b) (PreviewImporter) -> (artifact id: 'b713bd347aade5e4659ba7790dca1c61') in 0.0073587 seconds
Number of updated asset objects reloaded before import = 0Number of asset objects unloaded after import = 3

========================================================================
Received Import Request.
  Time since last request: 0.000023 seconds.
  path: Assets/Art/TilePallette/FloorTiles/TileSheet_37.asset
  artifactKey: Guid(5fba4c7b8da0bdb4a8b011fdd3a36bc4) Importer(815301076,1909f56bfc062723c751e8b465ee728b)
Start importing Assets/Art/TilePallette/FloorTiles/TileSheet_37.asset using Guid(5fba4c7b8da0bdb4a8b011fdd3a36bc4) Importer(815301076,1909f56bfc062723c751e8b465ee728b) (PreviewImporter) -> (artifact id: '71cd6baa350c64c85a05c962e13cf78e') in 0.0082233 seconds
Number of updated asset objects reloaded before import = 0Number of asset objects unloaded after import = 3

========================================================================
Received Import Request.
  Time since last request: 0.000022 seconds.
  path: Assets/Art/TilePallette/FloorTiles/TileSheet_33.asset
  artifactKey: Guid(55309a64bbd7a77499dc4525a7885439) Importer(815301076,1909f56bfc062723c751e8b465ee728b)
Start importing Assets/Art/TilePallette/FloorTiles/TileSheet_33.asset using Guid(55309a64bbd7a77499dc4525a7885439) Importer(815301076,1909f56bfc062723c751e8b465ee728b) (PreviewImporter) -> (artifact id: 'b85ea672c991cdcfd3f130d2bcae79a7') in 0.0081678 seconds
Number of updated asset objects reloaded before import = 0Number of asset objects unloaded after import = 3

========================================================================
Received Import Request.
  Time since last request: 0.000038 seconds.
  path: Assets/Art/TilePallette/FloorTiles/TileSheet_7.asset
  artifactKey: Guid(0014297f1c0c4aa4898262292d5436d1) Importer(815301076,1909f56bfc062723c751e8b465ee728b)
Start importing Assets/Art/TilePallette/FloorTiles/TileSheet_7.asset using Guid(0014297f1c0c4aa4898262292d5436d1) Importer(815301076,1909f56bfc062723c751e8b465ee728b) (PreviewImporter) -> (artifact id: 'ad7927d11f82bb2b6863f7e5445ed239') in 0.0071109 seconds
Number of updated asset objects reloaded before import = 0Number of asset objects unloaded after import = 3

========================================================================
Received Import Request.
  Time since last request: 0.000023 seconds.
  path: Assets/Art/TilePallette/FloorTiles/TileSheet_4.asset
  artifactKey: Guid(0a5ef43a0b1c3134cbdb657f3247cbb6) Importer(815301076,1909f56bfc062723c751e8b465ee728b)
Start importing Assets/Art/TilePallette/FloorTiles/TileSheet_4.asset using Guid(0a5ef43a0b1c3134cbdb657f3247cbb6) Importer(815301076,1909f56bfc062723c751e8b465ee728b) (PreviewImporter) -> (artifact id: 'f32b1fbe670dc86cd2aa8b389d051f60') in 0.0071304 seconds
Number of updated asset objects reloaded before import = 0Number of asset objects unloaded after import = 3

========================================================================
Received Import Request.
  Time since last request: 0.000020 seconds.
  path: Assets/Art/TilePallette/FloorTiles/TileSheet_19.asset
  artifactKey: Guid(5d46e9e612b35394e878dacedd381660) Importer(815301076,1909f56bfc062723c751e8b465ee728b)
Start importing Assets/Art/TilePallette/FloorTiles/TileSheet_19.asset using Guid(5d46e9e612b35394e878dacedd381660) Importer(815301076,1909f56bfc062723c751e8b465ee728b) (PreviewImporter) -> (artifact id: '5313df2ac3a8343f020228e5cc99a8cf') in 0.0075865 seconds
Number of updated asset objects reloaded before import = 0Number of asset objects unloaded after import = 3

========================================================================
Received Import Request.
  Time since last request: 0.000024 seconds.
  path: Assets/Art/TilePallette/FloorTiles/TileSheet_22.asset
  artifactKey: Guid(19cf04d1718c4184db6b3bf199096a0e) Importer(815301076,1909f56bfc062723c751e8b465ee728b)
Start importing Assets/Art/TilePallette/FloorTiles/TileSheet_22.asset using Guid(19cf04d1718c4184db6b3bf199096a0e) Importer(815301076,1909f56bfc062723c751e8b465ee728b) (PreviewImporter) -> (artifact id: 'e32bdb8af82dd387c2adf9311618404f') in 0.0080213 seconds
Number of updated asset objects reloaded before import = 0Number of asset objects unloaded after import = 3

========================================================================
Received Import Request.
  Time since last request: 0.000022 seconds.
  path: Assets/Art/TilePallette/FloorTiles/TileSheet_51.asset
  artifactKey: Guid(172285fa5569c934cb2da3454aec554b) Importer(815301076,1909f56bfc062723c751e8b465ee728b)
Start importing Assets/Art/TilePallette/FloorTiles/TileSheet_51.asset using Guid(172285fa5569c934cb2da3454aec554b) Importer(815301076,1909f56bfc062723c751e8b465ee728b) (PreviewImporter) -> (artifact id: '3459cce4d42eae77d3a709707578d82b') in 0.0084559 seconds
Number of updated asset objects reloaded before import = 0Number of asset objects unloaded after import = 3

========================================================================
Received Import Request.
  Time since last request: 0.000037 seconds.
  path: Assets/Art/TilePallette/FloorTiles/TileSheet_38.asset
  artifactKey: Guid(af4c2b9f3cf3345488cfc3f8c1d7e9b8) Importer(815301076,1909f56bfc062723c751e8b465ee728b)
Start importing Assets/Art/TilePallette/FloorTiles/TileSheet_38.asset using Guid(af4c2b9f3cf3345488cfc3f8c1d7e9b8) Importer(815301076,1909f56bfc062723c751e8b465ee728b) (PreviewImporter) -> (artifact id: '57007e74b6e584b105bf107e8ae1ac60') in 0.0083419 seconds
Number of updated asset objects reloaded before import = 0Number of asset objects unloaded after import = 3

========================================================================
Received Import Request.
  Time since last request: 0.000022 seconds.
  path: Assets/Art/TilePallette/FloorTiles/TileSheet_13.asset
  artifactKey: Guid(50ace90da65d56a4fa098f8719087112) Importer(815301076,1909f56bfc062723c751e8b465ee728b)
Start importing Assets/Art/TilePallette/FloorTiles/TileSheet_13.asset using Guid(50ace90da65d56a4fa098f8719087112) Importer(815301076,1909f56bfc062723c751e8b465ee728b) (PreviewImporter) -> (artifact id: '4913ddec5289ee283f498a7de40ac136') in 0.0079096 seconds
Number of updated asset objects reloaded before import = 0Number of asset objects unloaded after import = 3

========================================================================
Received Import Request.
  Time since last request: 0.000025 seconds.
  path: Assets/Art/TilePallette/FloorTiles/TileSheet_44.asset
  artifactKey: Guid(dbb5ba2dabe508b4493da4f4f91f33b1) Importer(815301076,1909f56bfc062723c751e8b465ee728b)
Start importing Assets/Art/TilePallette/FloorTiles/TileSheet_44.asset using Guid(dbb5ba2dabe508b4493da4f4f91f33b1) Importer(815301076,1909f56bfc062723c751e8b465ee728b) (PreviewImporter) -> (artifact id: 'd124f53d948936aad1ee9daf15b3e121') in 0.0086309 seconds
Number of updated asset objects reloaded before import = 0Number of asset objects unloaded after import = 3

========================================================================
Received Import Request.
  Time since last request: 0.000025 seconds.
  path: Assets/Art/TilePallette/FloorTiles/TileSheet_25.asset
  artifactKey: Guid(cc07f8213aa427e4ebb959da9c0316bb) Importer(815301076,1909f56bfc062723c751e8b465ee728b)
Start importing Assets/Art/TilePallette/FloorTiles/TileSheet_25.asset using Guid(cc07f8213aa427e4ebb959da9c0316bb) Importer(815301076,1909f56bfc062723c751e8b465ee728b) (PreviewImporter) -> (artifact id: 'b374838666f3c3597215522b22c0f9c6') in 0.0154894 seconds
Number of updated asset objects reloaded before import = 0Number of asset objects unloaded after import = 3

========================================================================
Received Import Request.
  Time since last request: 0.000025 seconds.
  path: Assets/Art/TilePallette/FloorTiles/TileSheet_14.asset
  artifactKey: Guid(762c05a2f576d6e4c945065e6b0eae74) Importer(815301076,1909f56bfc062723c751e8b465ee728b)
Start importing Assets/Art/TilePallette/FloorTiles/TileSheet_14.asset using Guid(762c05a2f576d6e4c945065e6b0eae74) Importer(815301076,1909f56bfc062723c751e8b465ee728b) (PreviewImporter) -> (artifact id: '644c815b745082aca288dc687db92df7') in 0.0080549 seconds
Number of updated asset objects reloaded before import = 0Number of asset objects unloaded after import = 3

========================================================================
Received Import Request.
  Time since last request: 0.000039 seconds.
  path: Assets/Art/TilePallette/FloorTiles/TileSheet_35.asset
  artifactKey: Guid(9d2ecfc0bf27be4428a6e9dac89403cd) Importer(815301076,1909f56bfc062723c751e8b465ee728b)
Start importing Assets/Art/TilePallette/FloorTiles/TileSheet_35.asset using Guid(9d2ecfc0bf27be4428a6e9dac89403cd) Importer(815301076,1909f56bfc062723c751e8b465ee728b) (PreviewImporter) -> (artifact id: '6fc56d2e13300b047d679773a7c74f4e') in 0.0078196 seconds
Number of updated asset objects reloaded before import = 0Number of asset objects unloaded after import = 3

Editor requested this worker to shutdown with reason: Scaling down because of idle timeout
AssetImportWorker is now disconnected from the server
Process exiting
Exiting without the bug reporter. Application will terminate with return code 0